<?xml version="1.0" encoding="UTF-8"?>
<testsuite name="com.csc.TestGroceryCounter" tests="1" skipped="0" failures="0" errors="0" timestamp="2024-09-15T22:50:29" hostname="fedora" time="0.118">
  <properties/>
  <testcase name="itWorks()" classname="com.csc.TestGroceryCounter" time="0.118"/>
  <system-out><![CDATA[]]></system-out>
  <system-err><![CDATA[]]></system-err>
</testsuite>
